epoch, lr, avg_train_loss, avg_valid_loss, model_score
Epoch 1, 0.00000426, 3.50884366, 2.70050240, NA
Epoch 2, 0.00000505, 2.45381641, 2.27214837, -0.010360
Epoch 3, 0.00000635, 2.11914968, 2.04119968, NA
Epoch 4, 0.00000815, 1.93183708, 1.91111028, -0.006144
Epoch 5, 0.00001043, 1.80939436, 1.81564534, NA
Epoch 6, 0.00001317, 1.72460186, 1.73675799, -0.005798
Epoch 7, 0.00001633, 1.65900338, 1.67901230, NA
Epoch 8, 0.00001988, 1.60292828, 1.61564374, -0.005200
Epoch 9, 0.00002379, 1.55215907, 1.59026814, NA
Epoch 10, 0.00002800, 1.50461459, 1.59495389, -0.005526
Epoch 11, 0.00003248, 1.46371865, 1.59196663, NA
Epoch 12, 0.00003717, 1.41955864, 1.54932201, -0.004817
Epoch 13, 0.00004202, 1.37982249, 1.50460863, NA
Epoch 14, 0.00004698, 1.34262550, 1.50573099, -0.005265
Epoch 15, 0.00005200, 1.30149281, 1.50388372, NA
Epoch 16, 0.00005702, 1.25592148, 1.50874114, -0.005576
Epoch 17, 0.00006198, 1.21342814, 1.51887596, NA
Epoch 18, 0.00006683, 1.16589487, 1.52020848, -0.005628
Epoch 19, 0.00007152, 1.11459029, 1.56209791, NA
Epoch 20, 0.00007600, 1.06408155, 1.58848929, -0.005060
Epoch 21, 0.00008021, 1.00871122, 1.63139236, NA
Epoch 22, 0.00008412, 0.95250893, 1.64329088, -0.005198
Epoch 23, 0.00008767, 0.89724791, 1.72164512, NA
Epoch 24, 0.00009083, 0.84704173, 1.74650037, -0.005133
Epoch 25, 0.00009357, 0.79381800, 1.82812655, NA
Epoch 26, 0.00009585, 0.75419587, 1.90040040, -0.005421
Epoch 27, 0.00009765, 0.71575046, 1.93286765, NA
Epoch 28, 0.00009895, 0.67846161, 2.03299522, -0.005303
Epoch 29, 0.00009974, 0.64887178, 2.01234794, NA
Epoch 30, 0.00010000, 0.62488031, 2.09808469, -0.005377
Epoch 31, 0.00009995, 0.59315747, 2.17789102, NA
Epoch 32, 0.00009980, 0.57645243, 2.23429346, -0.004969
Epoch 33, 0.00009955, 0.55806220, 2.26978445, NA
Epoch 34, 0.00009920, 0.54265213, 2.34174991, -0.005079
Epoch 35, 0.00009875, 0.52800143, 2.36076927, NA
Epoch 36, 0.00009820, 0.51677859, 2.42563677, -0.005160
Epoch 37, 0.00009755, 0.50594562, 2.38833809, NA
Epoch 38, 0.00009681, 0.49584362, 2.46345091, -0.005332
Epoch 39, 0.00009598, 0.48605347, 2.50821114, NA
Epoch 40, 0.00009505, 0.48082215, 2.47609043, -0.005126
Epoch 41, 0.00009403, 0.47231352, 2.54851580, NA
Epoch 42, 0.00009292, 0.46241975, 2.55861068, -0.005264
Epoch 43, 0.00009173, 0.45651814, 2.51463127, NA
Epoch 44, 0.00009045, 0.44893953, 2.58142376, -0.005254
Epoch 45, 0.00008909, 0.44459563, 2.59088612, NA
Epoch 46, 0.00008765, 0.43634385, 2.62667632, -0.004832
Epoch 47, 0.00008614, 0.43524352, 2.68291068, NA
Epoch 48, 0.00008455, 0.42494187, 2.67531824, -0.005092
Epoch 49, 0.00008290, 0.41932231, 2.71823359, NA
Epoch 50, 0.00008117, 0.41689485, 2.68093657, -0.005075
Epoch 51, 0.00007939, 0.40935823, 2.62760329, NA
Epoch 52, 0.00007754, 0.40379742, 2.73347044, -0.005197
Epoch 53, 0.00007564, 0.39879057, 2.79412293, NA
Epoch 54, 0.00007369, 0.39692590, 2.82091761, -0.005256
Epoch 55, 0.00007169, 0.39081874, 2.80888724, NA
Epoch 56, 0.00006965, 0.38690084, 2.80995536, -0.004886
Epoch 57, 0.00006757, 0.38217056, 2.82416749, NA
Epoch 58, 0.00006545, 0.37780866, 2.85180783, -0.005080
Epoch 59, 0.00006330, 0.37552598, 2.90460587, NA
Epoch 60, 0.00006113, 0.36981940, 2.85299349, -0.004874
Epoch 61, 0.00005893, 0.36767921, 2.93846297, NA
Epoch 62, 0.00005671, 0.36487454, 2.87782931, -0.004879
Epoch 63, 0.00005448, 0.36076581, 2.88615704, NA
Epoch 64, 0.00005224, 0.35850880, 2.87484431, -0.004981
Epoch 65, 0.00005000, 0.35256460, 2.93403673, NA
Epoch 66, 0.00004776, 0.34980822, 2.95193100, -0.005056
Epoch 67, 0.00004552, 0.34602070, 2.92550731, NA
Epoch 68, 0.00004329, 0.34298444, 2.96000314, -0.005008
Epoch 69, 0.00004107, 0.34030464, 2.98438191, NA
Epoch 70, 0.00003887, 0.33823779, 2.89815021, -0.004922
Epoch 71, 0.00003670, 0.33531648, 2.92840409, NA
Epoch 72, 0.00003455, 0.33208418, 2.93376064, -0.005008
Epoch 73, 0.00003243, 0.33039877, 3.01187038, NA
Epoch 74, 0.00003035, 0.32741088, 2.99149585, -0.005177
Epoch 75, 0.00002831, 0.32487541, 3.14511561, NA
Epoch 76, 0.00002631, 0.32172105, 2.98584676, -0.004918
Epoch 77, 0.00002435, 0.31948820, 2.94528580, NA
Epoch 78, 0.00002245, 0.31790254, 3.11288786, -0.004896
Epoch 79, 0.00002061, 0.31476060, 3.02454424, NA
Epoch 80, 0.00001883, 0.31275600, 3.06719112, -0.004893
Epoch 81, 0.00001710, 0.31043386, 3.02682495, NA
Epoch 82, 0.00001545, 0.30826357, 3.10620546, -0.004879
Epoch 83, 0.00001386, 0.30667555, 3.11792397, NA
Epoch 84, 0.00001235, 0.30434078, 3.13586235, -0.005052
Epoch 85, 0.00001091, 0.30229077, 3.15114832, NA
Epoch 86, 0.00000955, 0.30062455, 3.19427347, -0.004915
Epoch 87, 0.00000827, 0.29853466, 3.16734195, NA
Epoch 88, 0.00000708, 0.29741177, 3.22410417, -0.004811
Epoch 89, 0.00000597, 0.29547516, 3.24148536, NA
Epoch 90, 0.00000495, 0.29377651, 3.27202892, -0.005049
Epoch 91, 0.00000402, 0.29245833, 3.30753422, NA
Epoch 92, 0.00000319, 0.29113415, 3.32037115, -0.004870
Epoch 93, 0.00000245, 0.28982723, 3.36192012, NA
Epoch 94, 0.00000180, 0.28873143, 3.38295293, -0.004968
Epoch 95, 0.00000125, 0.28772843, 3.40364289, NA
Epoch 96, 0.00000080, 0.28685188, 3.41720271, -0.004958
Epoch 97, 0.00000045, 0.28613389, 3.42615652, NA
Epoch 98, 0.00000020, 0.28557432, 3.43228674, -0.004833
Epoch 99, 0.00000005, 0.28518635, 3.43453407, NA
Epoch 100, 0.00000000, 0.28497538, 3.43478465, -0.004629
