epoch, lr, avg_train_loss, avg_valid_loss, model_score
Epoch 1, 0.00000426, 6.50708818, 5.08485651, NA
Epoch 2, 0.00000505, 4.50931263, 3.99147606, -0.045924
Epoch 3, 0.00000635, 3.71856236, 3.42125154, NA
Epoch 4, 0.00000815, 3.27135348, 3.08674908, -0.045728
Epoch 5, 0.00001043, 2.96132350, 2.79815674, NA
Epoch 6, 0.00001317, 2.66464639, 2.52374911, -0.050770
Epoch 7, 0.00001633, 2.38338852, 2.29286957, NA
Epoch 8, 0.00001988, 2.11678600, 2.07525158, -0.048795
Epoch 9, 0.00002379, 1.87237024, 1.90062118, NA
Epoch 10, 0.00002800, 1.64604294, 1.70149839, -0.033041
Epoch 11, 0.00003248, 1.42747962, 1.58126700, NA
Epoch 12, 0.00003717, 1.22678185, 1.44048393, -0.019101
Epoch 13, 0.00004202, 1.04413474, 1.35704148, NA
Epoch 14, 0.00004699, 0.87819487, 1.32556260, -0.010381
Epoch 15, 0.00005200, 0.74419671, 1.14242530, NA
Epoch 16, 0.00005702, 0.63075215, 1.17851317, -0.012665
Epoch 17, 0.00006198, 0.54087055, 1.11850297, NA
Epoch 18, 0.00006684, 0.47452992, 1.10329115, -0.005176
Epoch 19, 0.00007153, 0.40859571, 1.16366756, NA
Epoch 20, 0.00007600, 0.36391485, 1.04972100, -0.009877
Epoch 21, 0.00008022, 0.33644041, 1.04519689, NA
Epoch 22, 0.00008412, 0.30416727, 1.00108099, -0.021965
Epoch 23, 0.00008768, 0.28351763, 1.08393776, NA
Epoch 24, 0.00009084, 0.25874457, 1.06472433, -0.020084
Epoch 25, 0.00009357, 0.25733534, 1.08562815, NA
Epoch 26, 0.00009585, 0.23678803, 1.03065968, -0.003796
Epoch 27, 0.00009765, 0.20800687, 1.04831624, NA
Epoch 28, 0.00009895, 0.20106325, 1.05333912, -0.003662
Epoch 29, 0.00009974, 0.20008743, 1.03846180, NA
Epoch 30, 0.00010000, 0.18739127, 1.08364463, -0.003793
Epoch 31, 0.00009995, 0.17303894, 1.00671661, NA
Epoch 32, 0.00009980, 0.15956365, 0.96731347, -0.003337
Epoch 33, 0.00009955, 0.15248011, 1.02364731, NA
Epoch 34, 0.00009920, 0.15432869, 1.03356576, -0.005618
Epoch 35, 0.00009875, 0.13950644, 1.01113331, NA
Epoch 36, 0.00009820, 0.13114384, 1.01659489, -0.003307
Epoch 37, 0.00009755, 0.13841759, 1.01101005, NA
Epoch 38, 0.00009681, 0.13058293, 1.03843451, -0.007042
Epoch 39, 0.00009597, 0.11925422, 1.07370031, NA
Epoch 40, 0.00009505, 0.11649085, 1.08959401, -0.006157
Epoch 41, 0.00009403, 0.11435462, 1.07127178, NA
Epoch 42, 0.00009292, 0.10840333, 1.02159345, -0.003610
Epoch 43, 0.00009173, 0.10817979, 1.03602624, NA
Epoch 44, 0.00009045, 0.09682400, 1.05528080, -0.003148
Epoch 45, 0.00008909, 0.09966827, 1.03273487, NA
Epoch 46, 0.00008765, 0.09521151, 0.92669922, -0.004805
Epoch 47, 0.00008614, 0.08841413, 1.04003239, NA
Epoch 48, 0.00008455, 0.09145836, 1.05512285, -0.004304
Epoch 49, 0.00008289, 0.08297841, 1.06527662, NA
Epoch 50, 0.00008117, 0.07382540, 1.03148842, -0.003037
Epoch 51, 0.00007939, 0.08038309, 0.99620777, NA
Epoch 52, 0.00007754, 0.07759830, 1.09630847, -0.003062
Epoch 53, 0.00007564, 0.07842690, 0.99125183, NA
Epoch 54, 0.00007369, 0.07065849, 1.02277493, -0.003087
Epoch 55, 0.00007169, 0.06400247, 1.05359983, NA
Epoch 56, 0.00006965, 0.06735413, 0.96519810, -0.003366
Epoch 57, 0.00006757, 0.06916152, 1.05605519, NA
Epoch 58, 0.00006545, 0.06536992, 0.99135208, -0.002448
Epoch 59, 0.00006330, 0.05507064, 1.04678130, NA
Epoch 60, 0.00006112, 0.05819649, 0.98762470, -0.002244
Epoch 61, 0.00005892, 0.05494694, 0.96164984, NA
Epoch 62, 0.00005671, 0.05600667, 0.97487921, -0.002231
Epoch 63, 0.00005448, 0.05376571, 0.99546677, NA
Epoch 64, 0.00005224, 0.04622064, 0.95883542, -0.002134
Epoch 65, 0.00005000, 0.05034696, 0.97602475, NA
Epoch 66, 0.00004775, 0.04643461, 0.94840020, -0.002290
Epoch 67, 0.00004551, 0.04480420, 0.97529781, NA
Epoch 68, 0.00004328, 0.04711094, 1.00451684, -0.002098
Epoch 69, 0.00004107, 0.04493866, 1.00381851, NA
Epoch 70, 0.00003887, 0.04224135, 0.98029667, -0.002289
Epoch 71, 0.00003669, 0.03908749, 0.99162441, NA
Epoch 72, 0.00003455, 0.03855521, 0.96847403, -0.002378
Epoch 73, 0.00003243, 0.03776769, 0.96738869, NA
Epoch 74, 0.00003035, 0.03818621, 0.97812283, -0.002247
Epoch 75, 0.00002830, 0.03517027, 1.00176454, NA
Epoch 76, 0.00002630, 0.03606475, 0.98339063, -0.002422
Epoch 77, 0.00002435, 0.03526708, 1.02180135, NA
Epoch 78, 0.00002245, 0.03455321, 1.02849543, -0.002328
Epoch 79, 0.00002061, 0.03438456, 1.01292896, NA
Epoch 80, 0.00001882, 0.03254662, 1.00013900, -0.002223
Epoch 81, 0.00001710, 0.03156743, 1.01499832, NA
Epoch 82, 0.00001544, 0.03149584, 1.00528944, -0.002052
Epoch 83, 0.00001386, 0.03046820, 1.01267433, NA
Epoch 84, 0.00001234, 0.03008107, 1.04170072, -0.002114
Epoch 85, 0.00001091, 0.02884914, 1.03383601, NA
Epoch 86, 0.00000955, 0.02868422, 1.05469656, -0.002114
Epoch 87, 0.00000827, 0.02829202, 1.04568505, NA
Epoch 88, 0.00000708, 0.02791408, 1.05212057, -0.002165
Epoch 89, 0.00000597, 0.02735949, 1.06865621, NA
Epoch 90, 0.00000495, 0.02686681, 1.07678866, -0.002131
Epoch 91, 0.00000402, 0.02647604, 1.07379472, NA
Epoch 92, 0.00000319, 0.02607753, 1.08524036, -0.002127
Epoch 93, 0.00000245, 0.02570690, 1.09348965, NA
Epoch 94, 0.00000180, 0.02541337, 1.09788883, -0.002096
Epoch 95, 0.00000125, 0.02513232, 1.10344934, NA
Epoch 96, 0.00000080, 0.02490343, 1.10697722, -0.002088
Epoch 97, 0.00000045, 0.02471191, 1.10915720, NA
Epoch 98, 0.00000020, 0.02456738, 1.11060059, -0.002079
Epoch 99, 0.00000005, 0.02446527, 1.11117196, NA
Epoch 100, 0.00000000, 0.02441069, 1.11124122, -0.002054
